The system is: Linux - 5.13.12-gentoo-dist - x86_64
Compiling the C compiler identification source file "CMakeCCompilerId.c" succeeded.
Compiler: /usr/bin/cc 
Build flags: 
Id flags:  

The output was:
0


Compilation of the C compiler identification source "CMakeCCompilerId.c" produced "a.out"

The C compiler identification is GNU, found in "/home/matthewalgo/Projects/ProjectSkeletonForCXX/SOURCE_CPP/[build/CMakeFiles/3.20.5/CompilerIdC/a.out"

Compiling the CXX compiler identification source file "CMakeCXXCompilerId.cpp" succeeded.
Compiler: /usr/bin/c++ 
Build flags: 
Id flags:  

The output was:
0


Compilation of the CXX compiler identification source "CMakeCXXCompilerId.cpp" produced "a.out"

The CXX compiler identification is GNU, found in "/home/matthewalgo/Projects/ProjectSkeletonForCXX/SOURCE_CPP/[build/CMakeFiles/3.20.5/CompilerIdCXX/a.out"

Detecting C compiler ABI info compiled with the following output:
Change Dir: /home/matthewalgo/Projects/ProjectSkeletonForCXX/SOURCE_CPP/[build/CMakeFiles/CMakeTmp

Run Build Command(s):/usr/bin/gmake -f Makefile cmTC_42d87/fast && /usr/bin/gmake  -f CMakeFiles/cmTC_42d87.dir/build.make CMakeFiles/cmTC_42d87.dir/build
gmake[1]: Entering directory '/home/matthewalgo/Projects/ProjectSkeletonForCXX/SOURCE_CPP/[build/CMakeFiles/CMakeTmp'
Building C object CMakeFiles/cmTC_42d87.dir/CMakeCCompilerABI.c.o
/usr/bin/cc   -v -o CMakeFiles/cmTC_42d87.dir/CMakeCCompilerABI.c.o -c /usr/share/cmake/Modules/CMakeCCompilerABI.c
Using built-in specs.
COLLECT_GCC=/usr/bin/cc
Target: x86_64-pc-linux-gnu
Configured with: /var/tmp/portage/sys-devel/gcc-10.3.0-r2/work/gcc-10.3.0/configure --host=x86_64-pc-linux-gnu --build=x86_64-pc-linux-gnu --prefix=/usr --bindir=/usr/x86_64-pc-linux-gnu/gcc-bin/10.3.0 --includedir=/usr/lib/gcc/x86_64-pc-linux-gnu/10.3.0/include --datadir=/usr/share/gcc-data/x86_64-pc-linux-gnu/10.3.0 --mandir=/usr/share/gcc-data/x86_64-pc-linux-gnu/10.3.0/man --infodir=/usr/share/gcc-data/x86_64-pc-linux-gnu/10.3.0/info --with-gxx-include-dir=/usr/lib/gcc/x86_64-pc-linux-gnu/10.3.0/include/g++-v10 --with-python-dir=/share/gcc-data/x86_64-pc-linux-gnu/10.3.0/python --enable-languages=c,c++,fortran --enable-obsolete --enable-secureplt --disable-werror --with-system-zlib --enable-nls --without-included-gettext --disable-libunwind-exceptions --enable-checking=release --with-bugurl=https://bugs.gentoo.org/ --with-pkgversion='Gentoo 10.3.0-r2 p3' --disable-esp --enable-libstdcxx-time --enable-shared --enable-threads=posix --enable-__cxa_atexit --enable-clocale=gnu --enable-multilib --with-multilib-list=m32,m64 --disable-fixed-point --enable-targets=all --enable-libgomp --disable-libssp --disable-libada --disable-systemtap --disable-vtable-verify --disable-libvtv --without-zstd --enable-lto --without-isl --enable-default-pie --enable-default-ssp
Thread model: posix
Supported LTO compression algorithms: zlib
gcc version 10.3.0 (Gentoo 10.3.0-r2 p3) 
COLLECT_GCC_OPTIONS='-v' '-o' 'CMakeFiles/cmTC_42d87.dir/CMakeCCompilerABI.c.o' '-c' '-mtune=generic' '-march=x86-64'
 /usr/libexec/gcc/x86_64-pc-linux-gnu/10.3.0/cc1 -quiet -v /usr/share/cmake/Modules/CMakeCCompilerABI.c -quiet -dumpbase CMakeCCompilerABI.c -mtune=generic -march=x86-64 -auxbase-strip CMakeFiles/cmTC_42d87.dir/CMakeCCompilerABI.c.o -version -o /tmp/ccnsXSUx.s
GNU C17 (Gentoo 10.3.0-r2 p3) version 10.3.0 (x86_64-pc-linux-gnu)
	compiled by GNU C version 10.3.0, GMP version 6.2.1, MPFR version 4.1.0, MPC version 1.2.1, isl version none
GGC heuristics: --param ggc-min-expand=100 --param ggc-min-heapsize=131072
ignoring nonexistent directory "/usr/local/include"
ignoring nonexistent directory "/usr/lib/gcc/x86_64-pc-linux-gnu/10.3.0/../../../../x86_64-pc-linux-gnu/include"
#include "..." search starts here:
#include <...> search starts here:
 /usr/lib/gcc/x86_64-pc-linux-gnu/10.3.0/include
 /usr/lib/gcc/x86_64-pc-linux-gnu/10.3.0/include-fixed
 /usr/include
End of search list.
GNU C17 (Gentoo 10.3.0-r2 p3) version 10.3.0 (x86_64-pc-linux-gnu)
	compiled by GNU C version 10.3.0, GMP version 6.2.1, MPFR version 4.1.0, MPC version 1.2.1, isl version none
GGC heuristics: --param ggc-min-expand=100 --param ggc-min-heapsize=131072
Compiler executable checksum: 5cb07f06cee041ce8628265052f170cb
COLLECT_GCC_OPTIONS='-v' '-o' 'CMakeFiles/cmTC_42d87.dir/CMakeCCompilerABI.c.o' '-c' '-mtune=generic' '-march=x86-64'
 /usr/lib/gcc/x86_64-pc-linux-gnu/10.3.0/../../../../x86_64-pc-linux-gnu/bin/as -v --64 -o CMakeFiles/cmTC_42d87.dir/CMakeCCompilerABI.c.o /tmp/ccnsXSUx.s
GNU assembler version 2.36.1 (x86_64-pc-linux-gnu) using BFD version (Gentoo 2.36.1 p5) 2.36.1
COMPILER_PATH=/usr/libexec/gcc/x86_64-pc-linux-gnu/10.3.0/:/usr/libexec/gcc/x86_64-pc-linux-gnu/10.3.0/:/usr/libexec/gcc/x86_64-pc-linux-gnu/:/usr/lib/gcc/x86_64-pc-linux-gnu/10.3.0/:/usr/lib/gcc/x86_64-pc-linux-gnu/:/usr/lib/gcc/x86_64-pc-linux-gnu/10.3.0/../../../../x86_64-pc-linux-gnu/bin/
LIBRARY_PATH=/usr/lib/gcc/x86_64-pc-linux-gnu/10.3.0/:/usr/lib/gcc/x86_64-pc-linux-gnu/10.3.0/../../../../lib64/:/lib/../lib64/:/usr/lib/../lib64/:/usr/lib/gcc/x86_64-pc-linux-gnu/10.3.0/../../../../x86_64-pc-linux-gnu/lib/:/usr/lib/gcc/x86_64-pc-linux-gnu/10.3.0/../../../:/lib/:/usr/lib/
COLLECT_GCC_OPTIONS='-v' '-o' 'CMakeFiles/cmTC_42d87.dir/CMakeCCompilerABI.c.o' '-c' '-mtune=generic' '-march=x86-64'
Linking C executable cmTC_42d87
/usr/bin/cmake -E cmake_link_script CMakeFiles/cmTC_42d87.dir/link.txt --verbose=1
/usr/bin/cc  -v CMakeFiles/cmTC_42d87.dir/CMakeCCompilerABI.c.o -o cmTC_42d87 
Using built-in specs.
COLLECT_GCC=/usr/bin/cc
COLLECT_LTO_WRAPPER=/usr/libexec/gcc/x86_64-pc-linux-gnu/10.3.0/lto-wrapper
Target: x86_64-pc-linux-gnu
Configured with: /var/tmp/portage/sys-devel/gcc-10.3.0-r2/work/gcc-10.3.0/configure --host=x86_64-pc-linux-gnu --build=x86_64-pc-linux-gnu --prefix=/usr --bindir=/usr/x86_64-pc-linux-gnu/gcc-bin/10.3.0 --includedir=/usr/lib/gcc/x86_64-pc-linux-gnu/10.3.0/include --datadir=/usr/share/gcc-data/x86_64-pc-linux-gnu/10.3.0 --mandir=/usr/share/gcc-data/x86_64-pc-linux-gnu/10.3.0/man --infodir=/usr/share/gcc-data/x86_64-pc-linux-gnu/10.3.0/info --with-gxx-include-dir=/usr/lib/gcc/x86_64-pc-linux-gnu/10.3.0/include/g++-v10 --with-python-dir=/share/gcc-data/x86_64-pc-linux-gnu/10.3.0/python --enable-languages=c,c++,fortran --enable-obsolete --enable-secureplt --disable-werror --with-system-zlib --enable-nls --without-included-gettext --disable-libunwind-exceptions --enable-checking=release --with-bugurl=https://bugs.gentoo.org/ --with-pkgversion='Gentoo 10.3.0-r2 p3' --disable-esp --enable-libstdcxx-time --enable-shared --enable-threads=posix --enable-__cxa_atexit --enable-clocale=gnu --enable-multilib --with-multilib-list=m32,m64 --disable-fixed-point --enable-targets=all --enable-libgomp --disable-libssp --disable-libada --disable-systemtap --disable-vtable-verify --disable-libvtv --without-zstd --enable-lto --without-isl --enable-default-pie --enable-default-ssp
Thread model: posix
Supported LTO compression algorithms: zlib
gcc version 10.3.0 (Gentoo 10.3.0-r2 p3) 
COMPILER_PATH=/usr/libexec/gcc/x86_64-pc-linux-gnu/10.3.0/:/usr/libexec/gcc/x86_64-pc-linux-gnu/10.3.0/:/usr/libexec/gcc/x86_64-pc-linux-gnu/:/usr/lib/gcc/x86_64-pc-linux-gnu/10.3.0/:/usr/lib/gcc/x86_64-pc-linux-gnu/:/usr/lib/gcc/x86_64-pc-linux-gnu/10.3.0/../../../../x86_64-pc-linux-gnu/bin/
LIBRARY_PATH=/usr/lib/gcc/x86_64-pc-linux-gnu/10.3.0/:/usr/lib/gcc/x86_64-pc-linux-gnu/10.3.0/../../../../lib64/:/lib/../lib64/:/usr/lib/../lib64/:/usr/lib/gcc/x86_64-pc-linux-gnu/10.3.0/../../../../x86_64-pc-linux-gnu/lib/:/usr/lib/gcc/x86_64-pc-linux-gnu/10.3.0/../../../:/lib/:/usr/lib/
COLLECT_GCC_OPTIONS='-v' '-o' 'cmTC_42d87' '-mtune=generic' '-march=x86-64'
 /usr/libexec/gcc/x86_64-pc-linux-gnu/10.3.0/collect2 -plugin /usr/libexec/gcc/x86_64-pc-linux-gnu/10.3.0/liblto_plugin.so -plugin-opt=/usr/libexec/gcc/x86_64-pc-linux-gnu/10.3.0/lto-wrapper -plugin-opt=-fresolution=/tmp/ccChNSeI.res -plugin-opt=-pass-through=-lgcc -plugin-opt=-pass-through=-lgcc_s -plugin-opt=-pass-through=-lc -plugin-opt=-pass-through=-lgcc -plugin-opt=-pass-through=-lgcc_s --eh-frame-hdr -m elf_x86_64 -dynamic-linker /lib64/ld-linux-x86-64.so.2 -pie -o cmTC_42d87 /usr/lib/gcc/x86_64-pc-linux-gnu/10.3.0/../../../../lib64/Scrt1.o /usr/lib/gcc/x86_64-pc-linux-gnu/10.3.0/../../../../lib64/crti.o /usr/lib/gcc/x86_64-pc-linux-gnu/10.3.0/crtbeginS.o -L/usr/lib/gcc/x86_64-pc-linux-gnu/10.3.0 -L/usr/lib/gcc/x86_64-pc-linux-gnu/10.3.0/../../../../lib64 -L/lib/../lib64 -L/usr/lib/../lib64 -L/usr/lib/gcc/x86_64-pc-linux-gnu/10.3.0/../../../../x86_64-pc-linux-gnu/lib -L/usr/lib/gcc/x86_64-pc-linux-gnu/10.3.0/../../.. CMakeFiles/cmTC_42d87.dir/CMakeCCompilerABI.c.o -lgcc --push-state --as-needed -lgcc_s --pop-state -lc -lgcc --push-state --as-needed -lgcc_s --pop-state /usr/lib/gcc/x86_64-pc-linux-gnu/10.3.0/crtendS.o /usr/lib/gcc/x86_64-pc-linux-gnu/10.3.0/../../../../lib64/crtn.o
COLLECT_GCC_OPTIONS='-v' '-o' 'cmTC_42d87' '-mtune=generic' '-march=x86-64'
gmake[1]: Leaving directory '/home/matthewalgo/Projects/ProjectSkeletonForCXX/SOURCE_CPP/[build/CMakeFiles/CMakeTmp'



Parsed C implicit include dir info from above output: rv=loading
  found start of include info
  warn: unable to parse implicit include dirs!


Parsed C implicit link information from above output:
  link line regex: [^( *|.*[/\])(ld|CMAKE_LINK_STARTFILE-NOTFOUND|([^/\]+-)?ld|collect2)[^/\]*( |$)]
  ignore line: [Change Dir: /home/matthewalgo/Projects/ProjectSkeletonForCXX/SOURCE_CPP/[build/CMakeFiles/CMakeTmp;;Run Build Command(s):/usr/bin/gmake -f Makefile cmTC_42d87/fast && /usr/bin/gmake  -f CMakeFiles/cmTC_42d87.dir/build.make CMakeFiles/cmTC_42d87.dir/build;gmake[1]: Entering directory '/home/matthewalgo/Projects/ProjectSkeletonForCXX/SOURCE_CPP/[build/CMakeFiles/CMakeTmp';Building C object CMakeFiles/cmTC_42d87.dir/CMakeCCompilerABI.c.o;/usr/bin/cc   -v -o CMakeFiles/cmTC_42d87.dir/CMakeCCompilerABI.c.o -c /usr/share/cmake/Modules/CMakeCCompilerABI.c;Using built-in specs.;COLLECT_GCC=/usr/bin/cc;Target: x86_64-pc-linux-gnu;Configured with: /var/tmp/portage/sys-devel/gcc-10.3.0-r2/work/gcc-10.3.0/configure --host=x86_64-pc-linux-gnu --build=x86_64-pc-linux-gnu --prefix=/usr --bindir=/usr/x86_64-pc-linux-gnu/gcc-bin/10.3.0 --includedir=/usr/lib/gcc/x86_64-pc-linux-gnu/10.3.0/include --datadir=/usr/share/gcc-data/x86_64-pc-linux-gnu/10.3.0 --mandir=/usr/share/gcc-data/x86_64-pc-linux-gnu/10.3.0/man --infodir=/usr/share/gcc-data/x86_64-pc-linux-gnu/10.3.0/info --with-gxx-include-dir=/usr/lib/gcc/x86_64-pc-linux-gnu/10.3.0/include/g++-v10 --with-python-dir=/share/gcc-data/x86_64-pc-linux-gnu/10.3.0/python --enable-languages=c,c++,fortran --enable-obsolete --enable-secureplt --disable-werror --with-system-zlib --enable-nls --without-included-gettext --disable-libunwind-exceptions --enable-checking=release --with-bugurl=https://bugs.gentoo.org/ --with-pkgversion='Gentoo 10.3.0-r2 p3' --disable-esp --enable-libstdcxx-time --enable-shared --enable-threads=posix --enable-__cxa_atexit --enable-clocale=gnu --enable-multilib --with-multilib-list=m32,m64 --disable-fixed-point --enable-targets=all --enable-libgomp --disable-libssp --disable-libada --disable-systemtap --disable-vtable-verify --disable-libvtv --without-zstd --enable-lto --without-isl --enable-default-pie --enable-default-ssp;Thread model: posix;Supported LTO compression algorithms: zlib;gcc version 10.3.0 (Gentoo 10.3.0-r2 p3) ;COLLECT_GCC_OPTIONS='-v' '-o' 'CMakeFiles/cmTC_42d87.dir/CMakeCCompilerABI.c.o' '-c' '-mtune=generic' '-march=x86-64'; /usr/libexec/gcc/x86_64-pc-linux-gnu/10.3.0/cc1 -quiet -v /usr/share/cmake/Modules/CMakeCCompilerABI.c -quiet -dumpbase CMakeCCompilerABI.c -mtune=generic -march=x86-64 -auxbase-strip CMakeFiles/cmTC_42d87.dir/CMakeCCompilerABI.c.o -version -o /tmp/ccnsXSUx.s;GNU C17 (Gentoo 10.3.0-r2 p3) version 10.3.0 (x86_64-pc-linux-gnu);	compiled by GNU C version 10.3.0, GMP version 6.2.1, MPFR version 4.1.0, MPC version 1.2.1, isl version none;GGC heuristics: --param ggc-min-expand=100 --param ggc-min-heapsize=131072;ignoring nonexistent directory "/usr/local/include";ignoring nonexistent directory "/usr/lib/gcc/x86_64-pc-linux-gnu/10.3.0/../../../../x86_64-pc-linux-gnu/include";#include "..." search starts here:;#include <...> search starts here:; /usr/lib/gcc/x86_64-pc-linux-gnu/10.3.0/include; /usr/lib/gcc/x86_64-pc-linux-gnu/10.3.0/include-fixed; /usr/include;End of search list.;GNU C17 (Gentoo 10.3.0-r2 p3) version 10.3.0 (x86_64-pc-linux-gnu);	compiled by GNU C version 10.3.0, GMP version 6.2.1, MPFR version 4.1.0, MPC version 1.2.1, isl version none;GGC heuristics: --param ggc-min-expand=100 --param ggc-min-heapsize=131072;Compiler executable checksum: 5cb07f06cee041ce8628265052f170cb;COLLECT_GCC_OPTIONS='-v' '-o' 'CMakeFiles/cmTC_42d87.dir/CMakeCCompilerABI.c.o' '-c' '-mtune=generic' '-march=x86-64'; /usr/lib/gcc/x86_64-pc-linux-gnu/10.3.0/../../../../x86_64-pc-linux-gnu/bin/as -v --64 -o CMakeFiles/cmTC_42d87.dir/CMakeCCompilerABI.c.o /tmp/ccnsXSUx.s;GNU assembler version 2.36.1 (x86_64-pc-linux-gnu) using BFD version (Gentoo 2.36.1 p5) 2.36.1;COMPILER_PATH=/usr/libexec/gcc/x86_64-pc-linux-gnu/10.3.0/:/usr/libexec/gcc/x86_64-pc-linux-gnu/10.3.0/:/usr/libexec/gcc/x86_64-pc-linux-gnu/:/usr/lib/gcc/x86_64-pc-linux-gnu/10.3.0/:/usr/lib/gcc/x86_64-pc-linux-gnu/:/usr/lib/gcc/x86_64-pc-linux-gnu/10.3.0/../../../../x86_64-pc-linux-gnu/bin/;LIBRARY_PATH=/usr/lib/gcc/x86_64-pc-linux-gnu/10.3.0/:/usr/lib/gcc/x86_64-pc-linux-gnu/10.3.0/../../../../lib64/:/lib/../lib64/:/usr/lib/../lib64/:/usr/lib/gcc/x86_64-pc-linux-gnu/10.3.0/../../../../x86_64-pc-linux-gnu/lib/:/usr/lib/gcc/x86_64-pc-linux-gnu/10.3.0/../../../:/lib/:/usr/lib/;COLLECT_GCC_OPTIONS='-v' '-o' 'CMakeFiles/cmTC_42d87.dir/CMakeCCompilerABI.c.o' '-c' '-mtune=generic' '-march=x86-64';Linking C executable cmTC_42d87;/usr/bin/cmake -E cmake_link_script CMakeFiles/cmTC_42d87.dir/link.txt --verbose=1;/usr/bin/cc  -v CMakeFiles/cmTC_42d87.dir/CMakeCCompilerABI.c.o -o cmTC_42d87 ;Using built-in specs.;COLLECT_GCC=/usr/bin/cc;COLLECT_LTO_WRAPPER=/usr/libexec/gcc/x86_64-pc-linux-gnu/10.3.0/lto-wrapper;Target: x86_64-pc-linux-gnu;Configured with: /var/tmp/portage/sys-devel/gcc-10.3.0-r2/work/gcc-10.3.0/configure --host=x86_64-pc-linux-gnu --build=x86_64-pc-linux-gnu --prefix=/usr --bindir=/usr/x86_64-pc-linux-gnu/gcc-bin/10.3.0 --includedir=/usr/lib/gcc/x86_64-pc-linux-gnu/10.3.0/include --datadir=/usr/share/gcc-data/x86_64-pc-linux-gnu/10.3.0 --mandir=/usr/share/gcc-data/x86_64-pc-linux-gnu/10.3.0/man --infodir=/usr/share/gcc-data/x86_64-pc-linux-gnu/10.3.0/info --with-gxx-include-dir=/usr/lib/gcc/x86_64-pc-linux-gnu/10.3.0/include/g++-v10 --with-python-dir=/share/gcc-data/x86_64-pc-linux-gnu/10.3.0/python --enable-languages=c,c++,fortran --enable-obsolete --enable-secureplt --disable-werror --with-system-zlib --enable-nls --without-included-gettext --disable-libunwind-exceptions --enable-checking=release --with-bugurl=https://bugs.gentoo.org/ --with-pkgversion='Gentoo 10.3.0-r2 p3' --disable-esp --enable-libstdcxx-time --enable-shared --enable-threads=posix --enable-__cxa_atexit --enable-clocale=gnu --enable-multilib --with-multilib-list=m32,m64 --disable-fixed-point --enable-targets=all --enable-libgomp --disable-libssp --disable-libada --disable-systemtap --disable-vtable-verify --disable-libvtv --without-zstd --enable-lto --without-isl --enable-default-pie --enable-default-ssp;Thread model: posix;Supported LTO compression algorithms: zlib;gcc version 10.3.0 (Gentoo 10.3.0-r2 p3) ;COMPILER_PATH=/usr/libexec/gcc/x86_64-pc-linux-gnu/10.3.0/:/usr/libexec/gcc/x86_64-pc-linux-gnu/10.3.0/:/usr/libexec/gcc/x86_64-pc-linux-gnu/:/usr/lib/gcc/x86_64-pc-linux-gnu/10.3.0/:/usr/lib/gcc/x86_64-pc-linux-gnu/:/usr/lib/gcc/x86_64-pc-linux-gnu/10.3.0/../../../../x86_64-pc-linux-gnu/bin/;LIBRARY_PATH=/usr/lib/gcc/x86_64-pc-linux-gnu/10.3.0/:/usr/lib/gcc/x86_64-pc-linux-gnu/10.3.0/../../../../lib64/:/lib/../lib64/:/usr/lib/../lib64/:/usr/lib/gcc/x86_64-pc-linux-gnu/10.3.0/../../../../x86_64-pc-linux-gnu/lib/:/usr/lib/gcc/x86_64-pc-linux-gnu/10.3.0/../../../:/lib/:/usr/lib/;COLLECT_GCC_OPTIONS='-v' '-o' 'cmTC_42d87' '-mtune=generic' '-march=x86-64'; /usr/libexec/gcc/x86_64-pc-linux-gnu/10.3.0/collect2 -plugin /usr/libexec/gcc/x86_64-pc-linux-gnu/10.3.0/liblto_plugin.so -plugin-opt=/usr/libexec/gcc/x86_64-pc-linux-gnu/10.3.0/lto-wrapper -plugin-opt=-fresolution=/tmp/ccChNSeI.res -plugin-opt=-pass-through=-lgcc -plugin-opt=-pass-through=-lgcc_s -plugin-opt=-pass-through=-lc -plugin-opt=-pass-through=-lgcc -plugin-opt=-pass-through=-lgcc_s --eh-frame-hdr -m elf_x86_64 -dynamic-linker /lib64/ld-linux-x86-64.so.2 -pie -o cmTC_42d87 /usr/lib/gcc/x86_64-pc-linux-gnu/10.3.0/../../../../lib64/Scrt1.o /usr/lib/gcc/x86_64-pc-linux-gnu/10.3.0/../../../../lib64/crti.o /usr/lib/gcc/x86_64-pc-linux-gnu/10.3.0/crtbeginS.o -L/usr/lib/gcc/x86_64-pc-linux-gnu/10.3.0 -L/usr/lib/gcc/x86_64-pc-linux-gnu/10.3.0/../../../../lib64 -L/lib/../lib64 -L/usr/lib/../lib64 -L/usr/lib/gcc/x86_64-pc-linux-gnu/10.3.0/../../../../x86_64-pc-linux-gnu/lib -L/usr/lib/gcc/x86_64-pc-linux-gnu/10.3.0/../../.. CMakeFiles/cmTC_42d87.dir/CMakeCCompilerABI.c.o -lgcc --push-state --as-needed -lgcc_s --pop-state -lc -lgcc --push-state --as-needed -lgcc_s --pop-state /usr/lib/gcc/x86_64-pc-linux-gnu/10.3.0/crtendS.o /usr/lib/gcc/x86_64-pc-linux-gnu/10.3.0/../../../../lib64/crtn.o;COLLECT_GCC_OPTIONS='-v' '-o' 'cmTC_42d87' '-mtune=generic' '-march=x86-64';gmake[1]: Leaving directory '/home/matthewalgo/Projects/ProjectSkeletonForCXX/SOURCE_CPP/[build/CMakeFiles/CMakeTmp';;]
  implicit libs: []
  implicit objs: []
  implicit dirs: []
  implicit fwks: []


Detecting CXX compiler ABI info compiled with the following output:
Change Dir: /home/matthewalgo/Projects/ProjectSkeletonForCXX/SOURCE_CPP/[build/CMakeFiles/CMakeTmp

Run Build Command(s):/usr/bin/gmake -f Makefile cmTC_f6dc1/fast && /usr/bin/gmake  -f CMakeFiles/cmTC_f6dc1.dir/build.make CMakeFiles/cmTC_f6dc1.dir/build
gmake[1]: Entering directory '/home/matthewalgo/Projects/ProjectSkeletonForCXX/SOURCE_CPP/[build/CMakeFiles/CMakeTmp'
Building CXX object CMakeFiles/cmTC_f6dc1.dir/CMakeCXXCompilerABI.cpp.o
/usr/bin/c++   -v -o CMakeFiles/cmTC_f6dc1.dir/CMakeCXXCompilerABI.cpp.o -c /usr/share/cmake/Modules/CMakeCXXCompilerABI.cpp
Using built-in specs.
COLLECT_GCC=/usr/bin/c++
Target: x86_64-pc-linux-gnu
Configured with: /var/tmp/portage/sys-devel/gcc-10.3.0-r2/work/gcc-10.3.0/configure --host=x86_64-pc-linux-gnu --build=x86_64-pc-linux-gnu --prefix=/usr --bindir=/usr/x86_64-pc-linux-gnu/gcc-bin/10.3.0 --includedir=/usr/lib/gcc/x86_64-pc-linux-gnu/10.3.0/include --datadir=/usr/share/gcc-data/x86_64-pc-linux-gnu/10.3.0 --mandir=/usr/share/gcc-data/x86_64-pc-linux-gnu/10.3.0/man --infodir=/usr/share/gcc-data/x86_64-pc-linux-gnu/10.3.0/info --with-gxx-include-dir=/usr/lib/gcc/x86_64-pc-linux-gnu/10.3.0/include/g++-v10 --with-python-dir=/share/gcc-data/x86_64-pc-linux-gnu/10.3.0/python --enable-languages=c,c++,fortran --enable-obsolete --enable-secureplt --disable-werror --with-system-zlib --enable-nls --without-included-gettext --disable-libunwind-exceptions --enable-checking=release --with-bugurl=https://bugs.gentoo.org/ --with-pkgversion='Gentoo 10.3.0-r2 p3' --disable-esp --enable-libstdcxx-time --enable-shared --enable-threads=posix --enable-__cxa_atexit --enable-clocale=gnu --enable-multilib --with-multilib-list=m32,m64 --disable-fixed-point --enable-targets=all --enable-libgomp --disable-libssp --disable-libada --disable-systemtap --disable-vtable-verify --disable-libvtv --without-zstd --enable-lto --without-isl --enable-default-pie --enable-default-ssp
Thread model: posix
Supported LTO compression algorithms: zlib
gcc version 10.3.0 (Gentoo 10.3.0-r2 p3) 
COLLECT_GCC_OPTIONS='-v' '-o' 'CMakeFiles/cmTC_f6dc1.dir/CMakeCXXCompilerABI.cpp.o' '-c' '-shared-libgcc' '-mtune=generic' '-march=x86-64'
 /usr/libexec/gcc/x86_64-pc-linux-gnu/10.3.0/cc1plus -quiet -v -D_GNU_SOURCE /usr/share/cmake/Modules/CMakeCXXCompilerABI.cpp -quiet -dumpbase CMakeCXXCompilerABI.cpp -mtune=generic -march=x86-64 -auxbase-strip CMakeFiles/cmTC_f6dc1.dir/CMakeCXXCompilerABI.cpp.o -version -o /tmp/ccR22ZYI.s
GNU C++14 (Gentoo 10.3.0-r2 p3) version 10.3.0 (x86_64-pc-linux-gnu)
	compiled by GNU C version 10.3.0, GMP version 6.2.1, MPFR version 4.1.0, MPC version 1.2.1, isl version none
GGC heuristics: --param ggc-min-expand=100 --param ggc-min-heapsize=131072
ignoring nonexistent directory "/usr/local/include"
ignoring nonexistent directory "/usr/lib/gcc/x86_64-pc-linux-gnu/10.3.0/../../../../x86_64-pc-linux-gnu/include"
#include "..." search starts here:
#include <...> search starts here:
 /usr/lib/gcc/x86_64-pc-linux-gnu/10.3.0/include/g++-v10
 /usr/lib/gcc/x86_64-pc-linux-gnu/10.3.0/include/g++-v10/x86_64-pc-linux-gnu
 /usr/lib/gcc/x86_64-pc-linux-gnu/10.3.0/include/g++-v10/backward
 /usr/lib/gcc/x86_64-pc-linux-gnu/10.3.0/include
 /usr/lib/gcc/x86_64-pc-linux-gnu/10.3.0/include-fixed
 /usr/include
End of search list.
GNU C++14 (Gentoo 10.3.0-r2 p3) version 10.3.0 (x86_64-pc-linux-gnu)
	compiled by GNU C version 10.3.0, GMP version 6.2.1, MPFR version 4.1.0, MPC version 1.2.1, isl version none
GGC heuristics: --param ggc-min-expand=100 --param ggc-min-heapsize=131072
Compiler executable checksum: dd9ad0db60bdba41aacc07c3676c8c07
COLLECT_GCC_OPTIONS='-v' '-o' 'CMakeFiles/cmTC_f6dc1.dir/CMakeCXXCompilerABI.cpp.o' '-c' '-shared-libgcc' '-mtune=generic' '-march=x86-64'
 /usr/lib/gcc/x86_64-pc-linux-gnu/10.3.0/../../../../x86_64-pc-linux-gnu/bin/as -v --64 -o CMakeFiles/cmTC_f6dc1.dir/CMakeCXXCompilerABI.cpp.o /tmp/ccR22ZYI.s
GNU assembler version 2.36.1 (x86_64-pc-linux-gnu) using BFD version (Gentoo 2.36.1 p5) 2.36.1
COMPILER_PATH=/usr/libexec/gcc/x86_64-pc-linux-gnu/10.3.0/:/usr/libexec/gcc/x86_64-pc-linux-gnu/10.3.0/:/usr/libexec/gcc/x86_64-pc-linux-gnu/:/usr/lib/gcc/x86_64-pc-linux-gnu/10.3.0/:/usr/lib/gcc/x86_64-pc-linux-gnu/:/usr/lib/gcc/x86_64-pc-linux-gnu/10.3.0/../../../../x86_64-pc-linux-gnu/bin/
LIBRARY_PATH=/usr/lib/gcc/x86_64-pc-linux-gnu/10.3.0/:/usr/lib/gcc/x86_64-pc-linux-gnu/10.3.0/../../../../lib64/:/lib/../lib64/:/usr/lib/../lib64/:/usr/lib/gcc/x86_64-pc-linux-gnu/10.3.0/../../../../x86_64-pc-linux-gnu/lib/:/usr/lib/gcc/x86_64-pc-linux-gnu/10.3.0/../../../:/lib/:/usr/lib/
COLLECT_GCC_OPTIONS='-v' '-o' 'CMakeFiles/cmTC_f6dc1.dir/CMakeCXXCompilerABI.cpp.o' '-c' '-shared-libgcc' '-mtune=generic' '-march=x86-64'
Linking CXX executable cmTC_f6dc1
/usr/bin/cmake -E cmake_link_script CMakeFiles/cmTC_f6dc1.dir/link.txt --verbose=1
/usr/bin/c++  -v CMakeFiles/cmTC_f6dc1.dir/CMakeCXXCompilerABI.cpp.o -o cmTC_f6dc1 
Using built-in specs.
COLLECT_GCC=/usr/bin/c++
COLLECT_LTO_WRAPPER=/usr/libexec/gcc/x86_64-pc-linux-gnu/10.3.0/lto-wrapper
Target: x86_64-pc-linux-gnu
Configured with: /var/tmp/portage/sys-devel/gcc-10.3.0-r2/work/gcc-10.3.0/configure --host=x86_64-pc-linux-gnu --build=x86_64-pc-linux-gnu --prefix=/usr --bindir=/usr/x86_64-pc-linux-gnu/gcc-bin/10.3.0 --includedir=/usr/lib/gcc/x86_64-pc-linux-gnu/10.3.0/include --datadir=/usr/share/gcc-data/x86_64-pc-linux-gnu/10.3.0 --mandir=/usr/share/gcc-data/x86_64-pc-linux-gnu/10.3.0/man --infodir=/usr/share/gcc-data/x86_64-pc-linux-gnu/10.3.0/info --with-gxx-include-dir=/usr/lib/gcc/x86_64-pc-linux-gnu/10.3.0/include/g++-v10 --with-python-dir=/share/gcc-data/x86_64-pc-linux-gnu/10.3.0/python --enable-languages=c,c++,fortran --enable-obsolete --enable-secureplt --disable-werror --with-system-zlib --enable-nls --without-included-gettext --disable-libunwind-exceptions --enable-checking=release --with-bugurl=https://bugs.gentoo.org/ --with-pkgversion='Gentoo 10.3.0-r2 p3' --disable-esp --enable-libstdcxx-time --enable-shared --enable-threads=posix --enable-__cxa_atexit --enable-clocale=gnu --enable-multilib --with-multilib-list=m32,m64 --disable-fixed-point --enable-targets=all --enable-libgomp --disable-libssp --disable-libada --disable-systemtap --disable-vtable-verify --disable-libvtv --without-zstd --enable-lto --without-isl --enable-default-pie --enable-default-ssp
Thread model: posix
Supported LTO compression algorithms: zlib
gcc version 10.3.0 (Gentoo 10.3.0-r2 p3) 
COMPILER_PATH=/usr/libexec/gcc/x86_64-pc-linux-gnu/10.3.0/:/usr/libexec/gcc/x86_64-pc-linux-gnu/10.3.0/:/usr/libexec/gcc/x86_64-pc-linux-gnu/:/usr/lib/gcc/x86_64-pc-linux-gnu/10.3.0/:/usr/lib/gcc/x86_64-pc-linux-gnu/:/usr/lib/gcc/x86_64-pc-linux-gnu/10.3.0/../../../../x86_64-pc-linux-gnu/bin/
LIBRARY_PATH=/usr/lib/gcc/x86_64-pc-linux-gnu/10.3.0/:/usr/lib/gcc/x86_64-pc-linux-gnu/10.3.0/../../../../lib64/:/lib/../lib64/:/usr/lib/../lib64/:/usr/lib/gcc/x86_64-pc-linux-gnu/10.3.0/../../../../x86_64-pc-linux-gnu/lib/:/usr/lib/gcc/x86_64-pc-linux-gnu/10.3.0/../../../:/lib/:/usr/lib/
COLLECT_GCC_OPTIONS='-v' '-o' 'cmTC_f6dc1' '-shared-libgcc' '-mtune=generic' '-march=x86-64'
 /usr/libexec/gcc/x86_64-pc-linux-gnu/10.3.0/collect2 -plugin /usr/libexec/gcc/x86_64-pc-linux-gnu/10.3.0/liblto_plugin.so -plugin-opt=/usr/libexec/gcc/x86_64-pc-linux-gnu/10.3.0/lto-wrapper -plugin-opt=-fresolution=/tmp/cchiXVT0.res -plugin-opt=-pass-through=-lgcc_s -plugin-opt=-pass-through=-lgcc -plugin-opt=-pass-through=-lc -plugin-opt=-pass-through=-lgcc_s -plugin-opt=-pass-through=-lgcc --eh-frame-hdr -m elf_x86_64 -dynamic-linker /lib64/ld-linux-x86-64.so.2 -pie -o cmTC_f6dc1 /usr/lib/gcc/x86_64-pc-linux-gnu/10.3.0/../../../../lib64/Scrt1.o /usr/lib/gcc/x86_64-pc-linux-gnu/10.3.0/../../../../lib64/crti.o /usr/lib/gcc/x86_64-pc-linux-gnu/10.3.0/crtbeginS.o -L/usr/lib/gcc/x86_64-pc-linux-gnu/10.3.0 -L/usr/lib/gcc/x86_64-pc-linux-gnu/10.3.0/../../../../lib64 -L/lib/../lib64 -L/usr/lib/../lib64 -L/usr/lib/gcc/x86_64-pc-linux-gnu/10.3.0/../../../../x86_64-pc-linux-gnu/lib -L/usr/lib/gcc/x86_64-pc-linux-gnu/10.3.0/../../.. CMakeFiles/cmTC_f6dc1.dir/CMakeCXXCompilerABI.cpp.o -lstdc++ -lm -lgcc_s -lgcc -lc -lgcc_s -lgcc /usr/lib/gcc/x86_64-pc-linux-gnu/10.3.0/crtendS.o /usr/lib/gcc/x86_64-pc-linux-gnu/10.3.0/../../../../lib64/crtn.o
COLLECT_GCC_OPTIONS='-v' '-o' 'cmTC_f6dc1' '-shared-libgcc' '-mtune=generic' '-march=x86-64'
gmake[1]: Leaving directory '/home/matthewalgo/Projects/ProjectSkeletonForCXX/SOURCE_CPP/[build/CMakeFiles/CMakeTmp'



Parsed CXX implicit include dir info from above output: rv=loading
  found start of include info
  warn: unable to parse implicit include dirs!


Parsed CXX implicit link information from above output:
  link line regex: [^( *|.*[/\])(ld|CMAKE_LINK_STARTFILE-NOTFOUND|([^/\]+-)?ld|collect2)[^/\]*( |$)]
  ignore line: [Change Dir: /home/matthewalgo/Projects/ProjectSkeletonForCXX/SOURCE_CPP/[build/CMakeFiles/CMakeTmp;;Run Build Command(s):/usr/bin/gmake -f Makefile cmTC_f6dc1/fast && /usr/bin/gmake  -f CMakeFiles/cmTC_f6dc1.dir/build.make CMakeFiles/cmTC_f6dc1.dir/build;gmake[1]: Entering directory '/home/matthewalgo/Projects/ProjectSkeletonForCXX/SOURCE_CPP/[build/CMakeFiles/CMakeTmp';Building CXX object CMakeFiles/cmTC_f6dc1.dir/CMakeCXXCompilerABI.cpp.o;/usr/bin/c++   -v -o CMakeFiles/cmTC_f6dc1.dir/CMakeCXXCompilerABI.cpp.o -c /usr/share/cmake/Modules/CMakeCXXCompilerABI.cpp;Using built-in specs.;COLLECT_GCC=/usr/bin/c++;Target: x86_64-pc-linux-gnu;Configured with: /var/tmp/portage/sys-devel/gcc-10.3.0-r2/work/gcc-10.3.0/configure --host=x86_64-pc-linux-gnu --build=x86_64-pc-linux-gnu --prefix=/usr --bindir=/usr/x86_64-pc-linux-gnu/gcc-bin/10.3.0 --includedir=/usr/lib/gcc/x86_64-pc-linux-gnu/10.3.0/include --datadir=/usr/share/gcc-data/x86_64-pc-linux-gnu/10.3.0 --mandir=/usr/share/gcc-data/x86_64-pc-linux-gnu/10.3.0/man --infodir=/usr/share/gcc-data/x86_64-pc-linux-gnu/10.3.0/info --with-gxx-include-dir=/usr/lib/gcc/x86_64-pc-linux-gnu/10.3.0/include/g++-v10 --with-python-dir=/share/gcc-data/x86_64-pc-linux-gnu/10.3.0/python --enable-languages=c,c++,fortran --enable-obsolete --enable-secureplt --disable-werror --with-system-zlib --enable-nls --without-included-gettext --disable-libunwind-exceptions --enable-checking=release --with-bugurl=https://bugs.gentoo.org/ --with-pkgversion='Gentoo 10.3.0-r2 p3' --disable-esp --enable-libstdcxx-time --enable-shared --enable-threads=posix --enable-__cxa_atexit --enable-clocale=gnu --enable-multilib --with-multilib-list=m32,m64 --disable-fixed-point --enable-targets=all --enable-libgomp --disable-libssp --disable-libada --disable-systemtap --disable-vtable-verify --disable-libvtv --without-zstd --enable-lto --without-isl --enable-default-pie --enable-default-ssp;Thread model: posix;Supported LTO compression algorithms: zlib;gcc version 10.3.0 (Gentoo 10.3.0-r2 p3) ;COLLECT_GCC_OPTIONS='-v' '-o' 'CMakeFiles/cmTC_f6dc1.dir/CMakeCXXCompilerABI.cpp.o' '-c' '-shared-libgcc' '-mtune=generic' '-march=x86-64'; /usr/libexec/gcc/x86_64-pc-linux-gnu/10.3.0/cc1plus -quiet -v -D_GNU_SOURCE /usr/share/cmake/Modules/CMakeCXXCompilerABI.cpp -quiet -dumpbase CMakeCXXCompilerABI.cpp -mtune=generic -march=x86-64 -auxbase-strip CMakeFiles/cmTC_f6dc1.dir/CMakeCXXCompilerABI.cpp.o -version -o /tmp/ccR22ZYI.s;GNU C++14 (Gentoo 10.3.0-r2 p3) version 10.3.0 (x86_64-pc-linux-gnu);	compiled by GNU C version 10.3.0, GMP version 6.2.1, MPFR version 4.1.0, MPC version 1.2.1, isl version none;GGC heuristics: --param ggc-min-expand=100 --param ggc-min-heapsize=131072;ignoring nonexistent directory "/usr/local/include";ignoring nonexistent directory "/usr/lib/gcc/x86_64-pc-linux-gnu/10.3.0/../../../../x86_64-pc-linux-gnu/include";#include "..." search starts here:;#include <...> search starts here:; /usr/lib/gcc/x86_64-pc-linux-gnu/10.3.0/include/g++-v10; /usr/lib/gcc/x86_64-pc-linux-gnu/10.3.0/include/g++-v10/x86_64-pc-linux-gnu; /usr/lib/gcc/x86_64-pc-linux-gnu/10.3.0/include/g++-v10/backward; /usr/lib/gcc/x86_64-pc-linux-gnu/10.3.0/include; /usr/lib/gcc/x86_64-pc-linux-gnu/10.3.0/include-fixed; /usr/include;End of search list.;GNU C++14 (Gentoo 10.3.0-r2 p3) version 10.3.0 (x86_64-pc-linux-gnu);	compiled by GNU C version 10.3.0, GMP version 6.2.1, MPFR version 4.1.0, MPC version 1.2.1, isl version none;GGC heuristics: --param ggc-min-expand=100 --param ggc-min-heapsize=131072;Compiler executable checksum: dd9ad0db60bdba41aacc07c3676c8c07;COLLECT_GCC_OPTIONS='-v' '-o' 'CMakeFiles/cmTC_f6dc1.dir/CMakeCXXCompilerABI.cpp.o' '-c' '-shared-libgcc' '-mtune=generic' '-march=x86-64'; /usr/lib/gcc/x86_64-pc-linux-gnu/10.3.0/../../../../x86_64-pc-linux-gnu/bin/as -v --64 -o CMakeFiles/cmTC_f6dc1.dir/CMakeCXXCompilerABI.cpp.o /tmp/ccR22ZYI.s;GNU assembler version 2.36.1 (x86_64-pc-linux-gnu) using BFD version (Gentoo 2.36.1 p5) 2.36.1;COMPILER_PATH=/usr/libexec/gcc/x86_64-pc-linux-gnu/10.3.0/:/usr/libexec/gcc/x86_64-pc-linux-gnu/10.3.0/:/usr/libexec/gcc/x86_64-pc-linux-gnu/:/usr/lib/gcc/x86_64-pc-linux-gnu/10.3.0/:/usr/lib/gcc/x86_64-pc-linux-gnu/:/usr/lib/gcc/x86_64-pc-linux-gnu/10.3.0/../../../../x86_64-pc-linux-gnu/bin/;LIBRARY_PATH=/usr/lib/gcc/x86_64-pc-linux-gnu/10.3.0/:/usr/lib/gcc/x86_64-pc-linux-gnu/10.3.0/../../../../lib64/:/lib/../lib64/:/usr/lib/../lib64/:/usr/lib/gcc/x86_64-pc-linux-gnu/10.3.0/../../../../x86_64-pc-linux-gnu/lib/:/usr/lib/gcc/x86_64-pc-linux-gnu/10.3.0/../../../:/lib/:/usr/lib/;COLLECT_GCC_OPTIONS='-v' '-o' 'CMakeFiles/cmTC_f6dc1.dir/CMakeCXXCompilerABI.cpp.o' '-c' '-shared-libgcc' '-mtune=generic' '-march=x86-64';Linking CXX executable cmTC_f6dc1;/usr/bin/cmake -E cmake_link_script CMakeFiles/cmTC_f6dc1.dir/link.txt --verbose=1;/usr/bin/c++  -v CMakeFiles/cmTC_f6dc1.dir/CMakeCXXCompilerABI.cpp.o -o cmTC_f6dc1 ;Using built-in specs.;COLLECT_GCC=/usr/bin/c++;COLLECT_LTO_WRAPPER=/usr/libexec/gcc/x86_64-pc-linux-gnu/10.3.0/lto-wrapper;Target: x86_64-pc-linux-gnu;Configured with: /var/tmp/portage/sys-devel/gcc-10.3.0-r2/work/gcc-10.3.0/configure --host=x86_64-pc-linux-gnu --build=x86_64-pc-linux-gnu --prefix=/usr --bindir=/usr/x86_64-pc-linux-gnu/gcc-bin/10.3.0 --includedir=/usr/lib/gcc/x86_64-pc-linux-gnu/10.3.0/include --datadir=/usr/share/gcc-data/x86_64-pc-linux-gnu/10.3.0 --mandir=/usr/share/gcc-data/x86_64-pc-linux-gnu/10.3.0/man --infodir=/usr/share/gcc-data/x86_64-pc-linux-gnu/10.3.0/info --with-gxx-include-dir=/usr/lib/gcc/x86_64-pc-linux-gnu/10.3.0/include/g++-v10 --with-python-dir=/share/gcc-data/x86_64-pc-linux-gnu/10.3.0/python --enable-languages=c,c++,fortran --enable-obsolete --enable-secureplt --disable-werror --with-system-zlib --enable-nls --without-included-gettext --disable-libunwind-exceptions --enable-checking=release --with-bugurl=https://bugs.gentoo.org/ --with-pkgversion='Gentoo 10.3.0-r2 p3' --disable-esp --enable-libstdcxx-time --enable-shared --enable-threads=posix --enable-__cxa_atexit --enable-clocale=gnu --enable-multilib --with-multilib-list=m32,m64 --disable-fixed-point --enable-targets=all --enable-libgomp --disable-libssp --disable-libada --disable-systemtap --disable-vtable-verify --disable-libvtv --without-zstd --enable-lto --without-isl --enable-default-pie --enable-default-ssp;Thread model: posix;Supported LTO compression algorithms: zlib;gcc version 10.3.0 (Gentoo 10.3.0-r2 p3) ;COMPILER_PATH=/usr/libexec/gcc/x86_64-pc-linux-gnu/10.3.0/:/usr/libexec/gcc/x86_64-pc-linux-gnu/10.3.0/:/usr/libexec/gcc/x86_64-pc-linux-gnu/:/usr/lib/gcc/x86_64-pc-linux-gnu/10.3.0/:/usr/lib/gcc/x86_64-pc-linux-gnu/:/usr/lib/gcc/x86_64-pc-linux-gnu/10.3.0/../../../../x86_64-pc-linux-gnu/bin/;LIBRARY_PATH=/usr/lib/gcc/x86_64-pc-linux-gnu/10.3.0/:/usr/lib/gcc/x86_64-pc-linux-gnu/10.3.0/../../../../lib64/:/lib/../lib64/:/usr/lib/../lib64/:/usr/lib/gcc/x86_64-pc-linux-gnu/10.3.0/../../../../x86_64-pc-linux-gnu/lib/:/usr/lib/gcc/x86_64-pc-linux-gnu/10.3.0/../../../:/lib/:/usr/lib/;COLLECT_GCC_OPTIONS='-v' '-o' 'cmTC_f6dc1' '-shared-libgcc' '-mtune=generic' '-march=x86-64'; /usr/libexec/gcc/x86_64-pc-linux-gnu/10.3.0/collect2 -plugin /usr/libexec/gcc/x86_64-pc-linux-gnu/10.3.0/liblto_plugin.so -plugin-opt=/usr/libexec/gcc/x86_64-pc-linux-gnu/10.3.0/lto-wrapper -plugin-opt=-fresolution=/tmp/cchiXVT0.res -plugin-opt=-pass-through=-lgcc_s -plugin-opt=-pass-through=-lgcc -plugin-opt=-pass-through=-lc -plugin-opt=-pass-through=-lgcc_s -plugin-opt=-pass-through=-lgcc --eh-frame-hdr -m elf_x86_64 -dynamic-linker /lib64/ld-linux-x86-64.so.2 -pie -o cmTC_f6dc1 /usr/lib/gcc/x86_64-pc-linux-gnu/10.3.0/../../../../lib64/Scrt1.o /usr/lib/gcc/x86_64-pc-linux-gnu/10.3.0/../../../../lib64/crti.o /usr/lib/gcc/x86_64-pc-linux-gnu/10.3.0/crtbeginS.o -L/usr/lib/gcc/x86_64-pc-linux-gnu/10.3.0 -L/usr/lib/gcc/x86_64-pc-linux-gnu/10.3.0/../../../../lib64 -L/lib/../lib64 -L/usr/lib/../lib64 -L/usr/lib/gcc/x86_64-pc-linux-gnu/10.3.0/../../../../x86_64-pc-linux-gnu/lib -L/usr/lib/gcc/x86_64-pc-linux-gnu/10.3.0/../../.. CMakeFiles/cmTC_f6dc1.dir/CMakeCXXCompilerABI.cpp.o -lstdc++ -lm -lgcc_s -lgcc -lc -lgcc_s -lgcc /usr/lib/gcc/x86_64-pc-linux-gnu/10.3.0/crtendS.o /usr/lib/gcc/x86_64-pc-linux-gnu/10.3.0/../../../../lib64/crtn.o;COLLECT_GCC_OPTIONS='-v' '-o' 'cmTC_f6dc1' '-shared-libgcc' '-mtune=generic' '-march=x86-64';gmake[1]: Leaving directory '/home/matthewalgo/Projects/ProjectSkeletonForCXX/SOURCE_CPP/[build/CMakeFiles/CMakeTmp';;]
  implicit libs: []
  implicit objs: []
  implicit dirs: []
  implicit fwks: []


Determining if the BZ2_bzCompressInit exist passed with the following output:
Change Dir: /home/matthewalgo/Projects/ProjectSkeletonForCXX/SOURCE_CPP/[build/CMakeFiles/CMakeTmp

Run Build Command(s):/usr/bin/gmake -f Makefile cmTC_9f8ed/fast && /usr/bin/gmake  -f CMakeFiles/cmTC_9f8ed.dir/build.make CMakeFiles/cmTC_9f8ed.dir/build
gmake[1]: Entering directory '/home/matthewalgo/Projects/ProjectSkeletonForCXX/SOURCE_CPP/[build/CMakeFiles/CMakeTmp'
Building C object CMakeFiles/cmTC_9f8ed.dir/CheckSymbolExists.c.o
/usr/bin/cc  -I/home/matthewalgo/MSPackageManager/installed/x64-linux/include  -o CMakeFiles/cmTC_9f8ed.dir/CheckSymbolExists.c.o -c /home/matthewalgo/Projects/ProjectSkeletonForCXX/SOURCE_CPP/[build/CMakeFiles/CMakeTmp/CheckSymbolExists.c
Linking C executable cmTC_9f8ed
/usr/bin/cmake -E cmake_link_script CMakeFiles/cmTC_9f8ed.dir/link.txt --verbose=1
/usr/bin/cc CMakeFiles/cmTC_9f8ed.dir/CheckSymbolExists.c.o -o cmTC_9f8ed  /home/matthewalgo/MSPackageManager/installed/x64-linux/lib/libbz2.a 
gmake[1]: Leaving directory '/home/matthewalgo/Projects/ProjectSkeletonForCXX/SOURCE_CPP/[build/CMakeFiles/CMakeTmp'


File /home/matthewalgo/Projects/ProjectSkeletonForCXX/SOURCE_CPP/[build/CMakeFiles/CMakeTmp/CheckSymbolExists.c:
/* */
#include <bzlib.h>

int main(int argc, char** argv)
{
  (void)argv;
#ifndef BZ2_bzCompressInit
  return ((int*)(&BZ2_bzCompressInit))[argc];
#else
  (void)argc;
  return 0;
#endif
}
